gyp info it worked if it ends with ok
gyp info using node-gyp@5.1.0
gyp info using node@12.21.0 | linux | ppc64
gyp info find Python using Python version 3.6.8 found at "/usr/bin/python3"
gyp info spawn /usr/bin/python3
gyp info spawn args [
gyp info spawn args   '/root/.nvm/versions/node/v12.21.0/lib/node_modules/npm/node_modules/node-gyp/gyp/gyp_main.py',
gyp info spawn args   'binding.gyp',
gyp info spawn args   '-f',
gyp info spawn args   'make',
gyp info spawn args   '-I',
gyp info spawn args   '/var/lib/jenkins/workspace/CRW_CI/crw-dashboard_2.x/targetdwn/codeready-workspaces-dashboard/node_modules/websocket/build/config.gypi',
gyp info spawn args   '-I',
gyp info spawn args   '/root/.nvm/versions/node/v12.21.0/lib/node_modules/npm/node_modules/node-gyp/addon.gypi',
gyp info spawn args   '-I',
gyp info spawn args   '/root/.cache/node-gyp/12.21.0/include/node/common.gypi',
gyp info spawn args   '-Dlibrary=shared_library',
gyp info spawn args   '-Dvisibility=default',
gyp info spawn args   '-Dnode_root_dir=/root/.cache/node-gyp/12.21.0',
gyp info spawn args   '-Dnode_gyp_dir=/root/.nvm/versions/node/v12.21.0/lib/node_modules/npm/node_modules/node-gyp',
gyp info spawn args   '-Dnode_lib_file=/root/.cache/node-gyp/12.21.0/<(target_arch)/node.lib',
gyp info spawn args   '-Dmodule_root_dir=/var/lib/jenkins/workspace/CRW_CI/crw-dashboard_2.x/targetdwn/codeready-workspaces-dashboard/node_modules/websocket',
gyp info spawn args   '-Dnode_engine=v8',
gyp info spawn args   '--depth=.',
gyp info spawn args   '--no-parallel',
gyp info spawn args   '--generator-output',
gyp info spawn args   'build',
gyp info spawn args   '-Goutput_dir=.'
gyp info spawn args ]
gyp info spawn make
gyp info spawn args [ 'BUILDTYPE=Release', '-C', 'build' ]
../src/bufferutil.cc:26:30: error: ‘v8::Handle’ has not been declared
   static void Initialize(v8::Handle<v8::Object> target)
                              ^~~~~~
../src/bufferutil.cc:26:36: error: expected ‘,’ or ‘...’ before ‘<’ token
   static void Initialize(v8::Handle<v8::Object> target)
                                    ^
../src/bufferutil.cc: In static member function ‘static void BufferUtil::Initialize(int)’:
../src/bufferutil.cc:34:14: error: ‘target’ was not declared in this scope
     Nan::Set(target, Nan::New<String>("BufferUtil").ToLocalChecked(), t->GetFunction());
              ^~~~~~
../src/bufferutil.cc:34:14: note: suggested alternative: ‘Merge’
     Nan::Set(target, Nan::New<String>("BufferUtil").ToLocalChecked(), t->GetFunction());
              ^~~~~~
              Merge
../src/bufferutil.cc:34:86: error: no matching function for call to ‘v8::FunctionTemplate::GetFunction()’
     Nan::Set(target, Nan::New<String>("BufferUtil").ToLocalChecked(), t->GetFunction());
                                                                                      ^
In file included from ../src/bufferutil.cc:8:
/root/.cache/node-gyp/12.21.0/include/node/v8.h:6126:46: note: candidate: ‘v8::MaybeLocal<v8::Function> v8::FunctionTemplate::GetFunction(v8::Local<v8::Context>)’
   V8_WARN_UNUSED_RESULT MaybeLocal<Function> GetFunction(
                                              ^~~~~~~~~~~
/root/.cache/node-gyp/12.21.0/include/node/v8.h:6126:46: note:   candidate expects 1 argument, 0 provided
../src/bufferutil.cc: In static member function ‘static Nan::NAN_METHOD_RETURN_TYPE BufferUtil::Merge(Nan::NAN_METHOD_ARGS_TYPE)’:
../src/bufferutil.cc:50:49: error: no matching function for call to ‘v8::Value::ToObject()’
     Local<Object> bufferObj = info[0]->ToObject();
                                                 ^
In file included from ../src/bufferutil.cc:8:
/root/.cache/node-gyp/12.21.0/include/node/v8.h:2672:44: note: candidate: ‘v8::MaybeLocal<v8::Object> v8::Value::ToObject(v8::Local<v8::Context>) const’
   V8_WARN_UNUSED_RESULT MaybeLocal<Object> ToObject(
                                            ^~~~~~~~
/root/.cache/node-gyp/12.21.0/include/node/v8.h:2672:44: note:   candidate expects 1 argument, 0 provided
In file included from /root/.cache/node-gyp/12.21.0/include/node/v8-internal.h:14,
                 from /root/.cache/node-gyp/12.21.0/include/node/v8.h:27,
                 from ../src/bufferutil.cc:8:
/root/.cache/node-gyp/12.21.0/include/node/v8.h:2686:31: note: candidate: ‘v8::Local<v8::Object> v8::Value::ToObject(v8::Isolate*) const’
                 Local<Object> ToObject(Isolate* isolate) const);
                               ^~~~~~~~
/root/.cache/node-gyp/12.21.0/include/node/v8config.h:328:3: note: in definition of macro ‘V8_DEPRECATED’
   declarator __attribute__((deprecated(message)))
   ^~~~~~~~~~
/root/.cache/node-gyp/12.21.0/include/node/v8.h:2686:31: note:   candidate expects 1 argument, 0 provided
                 Local<Object> ToObject(Isolate* isolate) const);
                               ^~~~~~~~
/root/.cache/node-gyp/12.21.0/include/node/v8config.h:328:3: note: in definition of macro ‘V8_DEPRECATED’
   declarator __attribute__((deprecated(message)))
   ^~~~~~~~~~
../src/bufferutil.cc:57:39: warning: ‘v8::Local<v8::Value> v8::Object::Get(uint32_t)’ is deprecated: Use maybe version [-Wdeprecated-declarations]
       Local<Object> src = array->Get(i)->ToObject();
                                       ^
In file included from /root/.cache/node-gyp/12.21.0/include/node/v8-internal.h:14,
                 from /root/.cache/node-gyp/12.21.0/include/node/v8.h:27,
                 from ../src/bufferutil.cc:8:
/root/.cache/node-gyp/12.21.0/include/node/v8.h:3557:51: note: declared here
   V8_DEPRECATED("Use maybe version", Local<Value> Get(uint32_t index));
                                                   ^~~
/root/.cache/node-gyp/12.21.0/include/node/v8config.h:328:3: note: in definition of macro ‘V8_DEPRECATED’
   declarator __attribute__((deprecated(message)))
   ^~~~~~~~~~
../src/bufferutil.cc:57:51: error: no matching function for call to ‘v8::Value::ToObject()’
       Local<Object> src = array->Get(i)->ToObject();
                                                   ^
In file included from ../src/bufferutil.cc:8:
/root/.cache/node-gyp/12.21.0/include/node/v8.h:2672:44: note: candidate: ‘v8::MaybeLocal<v8::Object> v8::Value::ToObject(v8::Local<v8::Context>) const’
   V8_WARN_UNUSED_RESULT MaybeLocal<Object> ToObject(
                                            ^~~~~~~~
/root/.cache/node-gyp/12.21.0/include/node/v8.h:2672:44: note:   candidate expects 1 argument, 0 provided
In file included from /root/.cache/node-gyp/12.21.0/include/node/v8-internal.h:14,
                 from /root/.cache/node-gyp/12.21.0/include/node/v8.h:27,
                 from ../src/bufferutil.cc:8:
/root/.cache/node-gyp/12.21.0/include/node/v8.h:2686:31: note: candidate: ‘v8::Local<v8::Object> v8::Value::ToObject(v8::Isolate*) const’
                 Local<Object> ToObject(Isolate* isolate) const);
                               ^~~~~~~~
/root/.cache/node-gyp/12.21.0/include/node/v8config.h:328:3: note: in definition of macro ‘V8_DEPRECATED’
   declarator __attribute__((deprecated(message)))
   ^~~~~~~~~~
/root/.cache/node-gyp/12.21.0/include/node/v8.h:2686:31: note:   candidate expects 1 argument, 0 provided
                 Local<Object> ToObject(Isolate* isolate) const);
                               ^~~~~~~~
/root/.cache/node-gyp/12.21.0/include/node/v8config.h:328:3: note: in definition of macro ‘V8_DEPRECATED’
   declarator __attribute__((deprecated(message)))
   ^~~~~~~~~~
../src/bufferutil.cc: In static member function ‘static Nan::NAN_METHOD_RETURN_TYPE BufferUtil::Unmask(Nan::NAN_METHOD_ARGS_TYPE)’:
../src/bufferutil.cc:68:50: error: no matching function for call to ‘v8::Value::ToObject()’
     Local<Object> buffer_obj = info[0]->ToObject();
                                                  ^
In file included from ../src/bufferutil.cc:8:
/root/.cache/node-gyp/12.21.0/include/node/v8.h:2672:44: note: candidate: ‘v8::MaybeLocal<v8::Object> v8::Value::ToObject(v8::Local<v8::Context>) const’
   V8_WARN_UNUSED_RESULT MaybeLocal<Object> ToObject(
                                            ^~~~~~~~
/root/.cache/node-gyp/12.21.0/include/node/v8.h:2672:44: note:   candidate expects 1 argument, 0 provided
In file included from /root/.cache/node-gyp/12.21.0/include/node/v8-internal.h:14,
                 from /root/.cache/node-gyp/12.21.0/include/node/v8.h:27,
                 from ../src/bufferutil.cc:8:
/root/.cache/node-gyp/12.21.0/include/node/v8.h:2686:31: note: candidate: ‘v8::Local<v8::Object> v8::Value::ToObject(v8::Isolate*) const’
                 Local<Object> ToObject(Isolate* isolate) const);
                               ^~~~~~~~
/root/.cache/node-gyp/12.21.0/include/node/v8config.h:328:3: note: in definition of macro ‘V8_DEPRECATED’
   declarator __attribute__((deprecated(message)))
   ^~~~~~~~~~
/root/.cache/node-gyp/12.21.0/include/node/v8.h:2686:31: note:   candidate expects 1 argument, 0 provided
                 Local<Object> ToObject(Isolate* isolate) const);
                               ^~~~~~~~
/root/.cache/node-gyp/12.21.0/include/node/v8config.h:328:3: note: in definition of macro ‘V8_DEPRECATED’
   declarator __attribute__((deprecated(message)))
   ^~~~~~~~~~
../src/bufferutil.cc:70:48: error: no matching function for call to ‘v8::Value::ToObject()’
     Local<Object> mask_obj = info[1]->ToObject();
                                                ^
In file included from ../src/bufferutil.cc:8:
/root/.cache/node-gyp/12.21.0/include/node/v8.h:2672:44: note: candidate: ‘v8::MaybeLocal<v8::Object> v8::Value::ToObject(v8::Local<v8::Context>) const’
   V8_WARN_UNUSED_RESULT MaybeLocal<Object> ToObject(
                                            ^~~~~~~~
/root/.cache/node-gyp/12.21.0/include/node/v8.h:2672:44: note:   candidate expects 1 argument, 0 provided
In file included from /root/.cache/node-gyp/12.21.0/include/node/v8-internal.h:14,
                 from /root/.cache/node-gyp/12.21.0/include/node/v8.h:27,
                 from ../src/bufferutil.cc:8:
/root/.cache/node-gyp/12.21.0/include/node/v8.h:2686:31: note: candidate: ‘v8::Local<v8::Object> v8::Value::ToObject(v8::Isolate*) const’
                 Local<Object> ToObject(Isolate* isolate) const);
                               ^~~~~~~~
/root/.cache/node-gyp/12.21.0/include/node/v8config.h:328:3: note: in definition of macro ‘V8_DEPRECATED’
   declarator __attribute__((deprecated(message)))
   ^~~~~~~~~~
/root/.cache/node-gyp/12.21.0/include/node/v8.h:2686:31: note:   candidate expects 1 argument, 0 provided
                 Local<Object> ToObject(Isolate* isolate) const);
                               ^~~~~~~~
/root/.cache/node-gyp/12.21.0/include/node/v8config.h:328:3: note: in definition of macro ‘V8_DEPRECATED’
   declarator __attribute__((deprecated(message)))
   ^~~~~~~~~~
../src/bufferutil.cc: In static member function ‘static Nan::NAN_METHOD_RETURN_TYPE BufferUtil::Mask(Nan::NAN_METHOD_ARGS_TYPE)’:
../src/bufferutil.cc:89:50: error: no matching function for call to ‘v8::Value::ToObject()’
     Local<Object> buffer_obj = info[0]->ToObject();
                                                  ^
In file included from ../src/bufferutil.cc:8:
/root/.cache/node-gyp/12.21.0/include/node/v8.h:2672:44: note: candidate: ‘v8::MaybeLocal<v8::Object> v8::Value::ToObject(v8::Local<v8::Context>) const’
   V8_WARN_UNUSED_RESULT MaybeLocal<Object> ToObject(
                                            ^~~~~~~~
/root/.cache/node-gyp/12.21.0/include/node/v8.h:2672:44: note:   candidate expects 1 argument, 0 provided
In file included from /root/.cache/node-gyp/12.21.0/include/node/v8-internal.h:14,
                 from /root/.cache/node-gyp/12.21.0/include/node/v8.h:27,
                 from ../src/bufferutil.cc:8:
/root/.cache/node-gyp/12.21.0/include/node/v8.h:2686:31: note: candidate: ‘v8::Local<v8::Object> v8::Value::ToObject(v8::Isolate*) const’
                 Local<Object> ToObject(Isolate* isolate) const);
                               ^~~~~~~~
/root/.cache/node-gyp/12.21.0/include/node/v8config.h:328:3: note: in definition of macro ‘V8_DEPRECATED’
   declarator __attribute__((deprecated(message)))
   ^~~~~~~~~~
/root/.cache/node-gyp/12.21.0/include/node/v8.h:2686:31: note:   candidate expects 1 argument, 0 provided
                 Local<Object> ToObject(Isolate* isolate) const);
                               ^~~~~~~~
/root/.cache/node-gyp/12.21.0/include/node/v8config.h:328:3: note: in definition of macro ‘V8_DEPRECATED’
   declarator __attribute__((deprecated(message)))
   ^~~~~~~~~~
../src/bufferutil.cc:90:48: error: no matching function for call to ‘v8::Value::ToObject()’
     Local<Object> mask_obj = info[1]->ToObject();
                                                ^
In file included from ../src/bufferutil.cc:8:
/root/.cache/node-gyp/12.21.0/include/node/v8.h:2672:44: note: candidate: ‘v8::MaybeLocal<v8::Object> v8::Value::ToObject(v8::Local<v8::Context>) const’
   V8_WARN_UNUSED_RESULT MaybeLocal<Object> ToObject(
                                            ^~~~~~~~
/root/.cache/node-gyp/12.21.0/include/node/v8.h:2672:44: note:   candidate expects 1 argument, 0 provided
In file included from /root/.cache/node-gyp/12.21.0/include/node/v8-internal.h:14,
                 from /root/.cache/node-gyp/12.21.0/include/node/v8.h:27,
                 from ../src/bufferutil.cc:8:
/root/.cache/node-gyp/12.21.0/include/node/v8.h:2686:31: note: candidate: ‘v8::Local<v8::Object> v8::Value::ToObject(v8::Isolate*) const’
                 Local<Object> ToObject(Isolate* isolate) const);
                               ^~~~~~~~
/root/.cache/node-gyp/12.21.0/include/node/v8config.h:328:3: note: in definition of macro ‘V8_DEPRECATED’
   declarator __attribute__((deprecated(message)))
   ^~~~~~~~~~
/root/.cache/node-gyp/12.21.0/include/node/v8.h:2686:31: note:   candidate expects 1 argument, 0 provided
                 Local<Object> ToObject(Isolate* isolate) const);
                               ^~~~~~~~
/root/.cache/node-gyp/12.21.0/include/node/v8config.h:328:3: note: in definition of macro ‘V8_DEPRECATED’
   declarator __attribute__((deprecated(message)))
   ^~~~~~~~~~
../src/bufferutil.cc:92:50: error: no matching function for call to ‘v8::Value::ToObject()’
     Local<Object> output_obj = info[2]->ToObject();
                                                  ^
In file included from ../src/bufferutil.cc:8:
/root/.cache/node-gyp/12.21.0/include/node/v8.h:2672:44: note: candidate: ‘v8::MaybeLocal<v8::Object> v8::Value::ToObject(v8::Local<v8::Context>) const’
   V8_WARN_UNUSED_RESULT MaybeLocal<Object> ToObject(
                                            ^~~~~~~~
/root/.cache/node-gyp/12.21.0/include/node/v8.h:2672:44: note:   candidate expects 1 argument, 0 provided
In file included from /root/.cache/node-gyp/12.21.0/include/node/v8-internal.h:14,
                 from /root/.cache/node-gyp/12.21.0/include/node/v8.h:27,
                 from ../src/bufferutil.cc:8:
/root/.cache/node-gyp/12.21.0/include/node/v8.h:2686:31: note: candidate: ‘v8::Local<v8::Object> v8::Value::ToObject(v8::Isolate*) const’
                 Local<Object> ToObject(Isolate* isolate) const);
                               ^~~~~~~~
/root/.cache/node-gyp/12.21.0/include/node/v8config.h:328:3: note: in definition of macro ‘V8_DEPRECATED’
   declarator __attribute__((deprecated(message)))
   ^~~~~~~~~~
/root/.cache/node-gyp/12.21.0/include/node/v8.h:2686:31: note:   candidate expects 1 argument, 0 provided
                 Local<Object> ToObject(Isolate* isolate) const);
                               ^~~~~~~~
/root/.cache/node-gyp/12.21.0/include/node/v8config.h:328:3: note: in definition of macro ‘V8_DEPRECATED’
   declarator __attribute__((deprecated(message)))
   ^~~~~~~~~~
../src/bufferutil.cc:93:51: error: no matching function for call to ‘v8::Value::Int32Value()’
     unsigned int dataOffset = info[3]->Int32Value();
                                                   ^
In file included from ../src/bufferutil.cc:8:
/root/.cache/node-gyp/12.21.0/include/node/v8.h:2709:40: note: candidate: ‘v8::Maybe<int> v8::Value::Int32Value(v8::Local<v8::Context>) const’
   V8_WARN_UNUSED_RESULT Maybe<int32_t> Int32Value(Local<Context> context) const;
                                        ^~~~~~~~~~
/root/.cache/node-gyp/12.21.0/include/node/v8.h:2709:40: note:   candidate expects 1 argument, 0 provided
../src/bufferutil.cc:94:47: error: no matching function for call to ‘v8::Value::Int32Value()’
     unsigned int length = info[4]->Int32Value();
                                               ^
In file included from ../src/bufferutil.cc:8:
/root/.cache/node-gyp/12.21.0/include/node/v8.h:2709:40: note: candidate: ‘v8::Maybe<int> v8::Value::Int32Value(v8::Local<v8::Context>) const’
   V8_WARN_UNUSED_RESULT Maybe<int32_t> Int32Value(Local<Context> context) const;
                                        ^~~~~~~~~~
/root/.cache/node-gyp/12.21.0/include/node/v8.h:2709:40: note:   candidate expects 1 argument, 0 provided
../src/bufferutil.cc: At global scope:
../src/bufferutil.cc:115:12: error: variable or field ‘init’ declared void
 void init (Handle<Object> target)
            ^~~~~~
../src/bufferutil.cc:115:12: error: ‘Handle’ was not declared in this scope
../src/bufferutil.cc:115:12: note: suggested alternative: ‘rand_r’
 void init (Handle<Object> target)
            ^~~~~~
            rand_r
../src/bufferutil.cc:115:25: error: expected primary-expression before ‘>’ token
 void init (Handle<Object> target)
                         ^
../src/bufferutil.cc:115:27: error: ‘target’ was not declared in this scope
 void init (Handle<Object> target)
                           ^~~~~~
../src/bufferutil.cc:115:27: note: suggested alternative: ‘tzset’
 void init (Handle<Object> target)
                           ^~~~~~
                           tzset
In file included from ../src/bufferutil.cc:9:
../src/bufferutil.cc:121:25: error: ‘init’ was not declared in this scope
 NODE_MODULE(bufferutil, init)
                         ^~~~
/root/.cache/node-gyp/12.21.0/include/node/node.h:737:36: note: in definition of macro ‘NODE_MODULE_X’
       (node::addon_register_func) (regfunc),                          \
                                    ^~~~~~~
../src/bufferutil.cc:121:1: note: in expansion of macro ‘NODE_MODULE’
 NODE_MODULE(bufferutil, init)
 ^~~~~~~~~~~
../src/bufferutil.cc:121:25: note: suggested alternative: ‘int’
 NODE_MODULE(bufferutil, init)
                         ^~~~
/root/.cache/node-gyp/12.21.0/include/node/node.h:737:36: note: in definition of macro ‘NODE_MODULE_X’
       (node::addon_register_func) (regfunc),                          \
                                    ^~~~~~~
../src/bufferutil.cc:121:1: note: in expansion of macro ‘NODE_MODULE’
 NODE_MODULE(bufferutil, init)
 ^~~~~~~~~~~
In file included from ../src/bufferutil.cc:8:
/root/.cache/node-gyp/12.21.0/include/node/v8.h: In instantiation of ‘void v8::PersistentBase<T>::SetWeak(P*, typename v8::WeakCallbackInfo<P>::Callback, v8::WeakCallbackType) [with P = node::ObjectWrap; T = v8::Object; typename v8::WeakCallbackInfo<P>::Callback = void (*)(const v8::WeakCallbackInfo<node::ObjectWrap>&)]’:
/root/.cache/node-gyp/12.21.0/include/node/node_object_wrap.h:85:78:   required from here
/root/.cache/node-gyp/12.21.0/include/node/v8.h:10226:16: warning: cast between incompatible function types from ‘v8::WeakCallbackInfo<node::ObjectWrap>::Callback’ {aka ‘void (*)(const v8::WeakCallbackInfo<node::ObjectWrap>&)’} to ‘Callback’ {aka ‘void (*)(const v8::WeakCallbackInfo<void>&)’} [-Wcast-function-type]
                reinterpret_cast<Callback>(callback), type);
                ^~~~~~~~~~~~~~~~~~~~~~~~~~~~~~~~~~~~
/root/.cache/node-gyp/12.21.0/include/node/v8.h: In instantiation of ‘void v8::PersistentBase<T>::SetWeak(P*, typename v8::WeakCallbackInfo<P>::Callback, v8::WeakCallbackType) [with P = Nan::ObjectWrap; T = v8::Object; typename v8::WeakCallbackInfo<P>::Callback = void (*)(const v8::WeakCallbackInfo<Nan::ObjectWrap>&)]’:
../../nan/nan_object_wrap.h:65:61:   required from here
/root/.cache/node-gyp/12.21.0/include/node/v8.h:10226:16: warning: cast between incompatible function types from ‘v8::WeakCallbackInfo<Nan::ObjectWrap>::Callback’ {aka ‘void (*)(const v8::WeakCallbackInfo<Nan::ObjectWrap>&)’} to ‘Callback’ {aka ‘void (*)(const v8::WeakCallbackInfo<void>&)’} [-Wcast-function-type]
make: *** [bufferutil.target.mk:114: Release/obj.target/bufferutil/src/bufferutil.o] Error 1
gyp ERR! build error 
gyp ERR! stack Error: `make` failed with exit code: 2
gyp ERR! stack     at ChildProcess.onExit (/root/.nvm/versions/node/v12.21.0/lib/node_modules/npm/node_modules/node-gyp/lib/build.js:194:23)
gyp ERR! stack     at ChildProcess.emit (events.js:314:20)
gyp ERR! stack     at Process.ChildProcess._handle.onexit (internal/child_process.js:276:12)
gyp ERR! System Linux 4.18.0-193.el8.ppc64le
gyp ERR! command "/root/.nvm/versions/node/v12.21.0/bin/node" "/root/.nvm/versions/node/v12.21.0/lib/node_modules/npm/node_modules/node-gyp/bin/node-gyp.js" "rebuild"
gyp ERR! cwd /var/lib/jenkins/workspace/CRW_CI/crw-dashboard_2.x/targetdwn/codeready-workspaces-dashboard/node_modules/websocket
gyp ERR! node -v v12.21.0
gyp ERR! node-gyp -v v5.1.0
gyp ERR! not ok 
